<?xml version="1.0" encoding="UTF-8"?>
<coverage generated="1710139308454" clover="3.2.0">
  <project timestamp="1710139308454" name="All files">
    <metrics statements="97" coveredstatements="34" conditionals="12" coveredconditionals="7" methods="47" coveredmethods="11" elements="156" coveredelements="52" complexity="0" loc="97" ncloc="97" packages="5" files="6" classes="6"/>
    <package name="src">
      <metrics statements="65" coveredstatements="9" conditionals="6" coveredconditionals="1" methods="31" coveredmethods="2"/>
      <file name="App.jsx" path="D:\book-management-project\book-management\ui\src\App.jsx">
        <metrics statements="13" coveredstatements="9" conditionals="2" coveredconditionals="1" methods="6" coveredmethods="2"/>
        <line num="10" count="2" type="stmt"/>
        <line num="12" count="1" type="stmt"/>
        <line num="19" count="1" type="stmt"/>
        <line num="21" count="1" type="stmt"/>
        <line num="23" count="1" type="stmt"/>
        <line num="25" count="1" type="stmt"/>
        <line num="26" count="0" type="stmt"/>
        <line num="29" count="1" type="stmt"/>
        <line num="30" count="0" type="stmt"/>
        <line num="33" count="1" type="stmt"/>
        <line num="34" count="0" type="stmt"/>
        <line num="39" count="1" type="stmt"/>
        <line num="57" count="0" type="stmt"/>
      </file>
      <file name="index.js" path="D:\book-management-project\book-management\ui\src\index.js">
        <metrics statements="52" coveredstatements="0" conditionals="4" coveredconditionals="0" methods="25" coveredmethods="0"/>
        <line num="7" count="0" type="stmt"/>
        <line num="14" count="0" type="stmt"/>
        <line num="15" count="0" type="stmt"/>
        <line num="16" count="0" type="stmt"/>
        <line num="17" count="0" type="stmt"/>
        <line num="20" count="0" type="stmt"/>
        <line num="21" count="0" type="stmt"/>
        <line num="22" count="0" type="stmt"/>
        <line num="23" count="0" type="stmt"/>
        <line num="24" count="0" type="stmt"/>
        <line num="27" count="0" type="stmt"/>
        <line num="28" count="0" type="stmt"/>
        <line num="29" count="0" type="stmt"/>
        <line num="30" count="0" type="stmt"/>
        <line num="31" count="0" type="cond" truecount="0" falsecount="2"/>
        <line num="32" count="0" type="stmt"/>
        <line num="35" count="0" type="stmt"/>
        <line num="38" count="0" type="stmt"/>
        <line num="39" count="0" type="stmt"/>
        <line num="40" count="0" type="stmt"/>
        <line num="41" count="0" type="stmt"/>
        <line num="42" count="0" type="cond" truecount="0" falsecount="2"/>
        <line num="43" count="0" type="stmt"/>
        <line num="46" count="0" type="stmt"/>
        <line num="52" count="0" type="stmt"/>
        <line num="53" count="0" type="stmt"/>
        <line num="54" count="0" type="stmt"/>
        <line num="55" count="0" type="stmt"/>
        <line num="62" count="0" type="stmt"/>
        <line num="63" count="0" type="stmt"/>
        <line num="64" count="0" type="stmt"/>
        <line num="65" count="0" type="stmt"/>
        <line num="66" count="0" type="stmt"/>
        <line num="70" count="0" type="stmt"/>
        <line num="71" count="0" type="stmt"/>
        <line num="72" count="0" type="stmt"/>
        <line num="73" count="0" type="stmt"/>
        <line num="81" count="0" type="stmt"/>
        <line num="84" count="0" type="stmt"/>
        <line num="86" count="0" type="stmt"/>
        <line num="87" count="0" type="stmt"/>
        <line num="92" count="0" type="stmt"/>
        <line num="93" count="0" type="stmt"/>
        <line num="96" count="0" type="stmt"/>
        <line num="97" count="0" type="stmt"/>
        <line num="98" count="0" type="stmt"/>
        <line num="101" count="0" type="stmt"/>
        <line num="102" count="0" type="stmt"/>
        <line num="103" count="0" type="stmt"/>
        <line num="106" count="0" type="stmt"/>
        <line num="107" count="0" type="stmt"/>
        <line num="126" count="0" type="stmt"/>
      </file>
    </package>
    <package name="src.components.Book">
      <metrics statements="20" coveredstatements="15" conditionals="4" coveredconditionals="4" methods="9" coveredmethods="4"/>
      <file name="Book.jsx" path="D:\book-management-project\book-management\ui\src\components\Book\Book.jsx">
        <metrics statements="20" coveredstatements="15" conditionals="4" coveredconditionals="4" methods="9" coveredmethods="4"/>
        <line num="8" count="3" type="stmt"/>
        <line num="9" count="3" type="stmt"/>
        <line num="21" count="3" type="stmt"/>
        <line num="23" count="3" type="stmt"/>
        <line num="28" count="3" type="stmt"/>
        <line num="30" count="3" type="stmt"/>
        <line num="31" count="1" type="stmt"/>
        <line num="37" count="3" type="stmt"/>
        <line num="38" count="0" type="stmt"/>
        <line num="44" count="3" type="stmt"/>
        <line num="45" count="0" type="stmt"/>
        <line num="51" count="3" type="stmt"/>
        <line num="52" count="0" type="stmt"/>
        <line num="58" count="3" type="stmt"/>
        <line num="59" count="0" type="stmt"/>
        <line num="62" count="3" type="stmt"/>
        <line num="63" count="0" type="stmt"/>
        <line num="66" count="3" type="stmt"/>
        <line num="106" count="12" type="stmt"/>
        <line num="130" count="12" type="stmt"/>
      </file>
    </package>
    <package name="src.components.BookList">
      <metrics statements="5" coveredstatements="5" conditionals="0" coveredconditionals="0" methods="3" coveredmethods="3"/>
      <file name="BookList.jsx" path="D:\book-management-project\book-management\ui\src\components\BookList\BookList.jsx">
        <metrics statements="5" coveredstatements="5" conditionals="0" coveredconditionals="0" methods="3" coveredmethods="3"/>
        <line num="8" count="2" type="stmt"/>
        <line num="10" count="2" type="stmt"/>
        <line num="11" count="2" type="stmt"/>
        <line num="14" count="2" type="stmt"/>
        <line num="18" count="1" type="stmt"/>
      </file>
    </package>
    <package name="src.components.InputAddBookInfo">
      <metrics statements="4" coveredstatements="3" conditionals="0" coveredconditionals="0" methods="2" coveredmethods="1"/>
      <file name="InputAddBookInfo.jsx" path="D:\book-management-project\book-management\ui\src\components\InputAddBookInfo\InputAddBookInfo.jsx">
        <metrics statements="4" coveredstatements="3" conditionals="0" coveredconditionals="0" methods="2" coveredmethods="1"/>
        <line num="7" count="1" type="stmt"/>
        <line num="9" count="1" type="stmt"/>
        <line num="10" count="0" type="stmt"/>
        <line num="13" count="1" type="stmt"/>
      </file>
    </package>
    <package name="src.components.InputUpdateBookInfo">
      <metrics statements="3" coveredstatements="2" conditionals="2" coveredconditionals="2" methods="2" coveredmethods="1"/>
      <file name="InputUpdateBookInfo.jsx" path="D:\book-management-project\book-management\ui\src\components\InputUpdateBookInfo\InputUpdateBookInfo.jsx">
        <metrics statements="3" coveredstatements="2" conditionals="2" coveredconditionals="2" methods="2" coveredmethods="1"/>
        <line num="16" count="5" type="stmt"/>
        <line num="17" count="0" type="stmt"/>
        <line num="20" count="5" type="stmt"/>
      </file>
    </package>
  </project>
</coverage>
